[INFO ] 2020-05-25 05:49:24.909 [restartedMain] SecurityApplication - Starting SecurityApplication on gimminjong-ui-MacBook-Pro.local with PID 3387 (/Users/mjk/IdeaProjects/security/build/classes/java/main started by mjk in /Users/mjk/IdeaProjects/security)
[INFO ] 2020-05-25 05:49:24.916 [restartedMain] SecurityApplication - No active profile set, falling back to default profiles: default
[INFO ] 2020-05-25 05:49:24.960 [restartedMain] DevToolsPropertyDefaultsPostProcessor - Devtools property defaults active! Set 'spring.devtools.add-properties' to 'false' to disable
[INFO ] 2020-05-25 05:49:24.960 [restartedMain] DevToolsPropertyDefaultsPostProcessor - For additional web related logging consider setting the 'logging.level.web' property to 'DEBUG'
[INFO ] 2020-05-25 05:49:26.281 [restartedMain] TomcatWebServer - Tomcat initialized with port(s): 8080 (http)
[INFO ] 2020-05-25 05:49:26.291 [restartedMain] Http11NioProtocol - Initializing ProtocolHandler ["http-nio-8080"]
[INFO ] 2020-05-25 05:49:26.292 [restartedMain] StandardService - Starting service [Tomcat]
[INFO ] 2020-05-25 05:49:26.292 [restartedMain] StandardEngine - Starting Servlet engine: [Apache Tomcat/9.0.35]
[INFO ] 2020-05-25 05:49:26.657 [restartedMain] TldScanner - At least one JAR was scanned for TLDs yet contained no TLDs. Enable debug logging for this logger for a complete list of JARs that were scanned but no TLDs were found in them. Skipping unneeded JARs during scanning can improve startup time and JSP compilation time.
[INFO ] 2020-05-25 05:49:26.662 [restartedMain] [/] - Initializing Spring embedded WebApplicationContext
[INFO ] 2020-05-25 05:49:26.663 [restartedMain] ContextLoader - Root WebApplicationContext: initialization completed in 1702 ms
[INFO ] 2020-05-25 05:49:27.230 [restartedMain] ThreadPoolTaskExecutor - Initializing ExecutorService 'applicationTaskExecutor'
[INFO ] 2020-05-25 05:49:27.549 [restartedMain] DefaultSecurityFilterChain - Creating filter chain: any request, [org.springframework.security.web.context.request.async.WebAsyncManagerIntegrationFilter@550439d9, org.springframework.security.web.context.SecurityContextPersistenceFilter@2752ed1c, org.springframework.security.web.header.HeaderWriterFilter@71b64256, org.springframework.security.web.csrf.CsrfFilter@7fe7a7a1, org.springframework.security.web.authentication.logout.LogoutFilter@35e2c56b, org.springframework.security.web.authentication.UsernamePasswordAuthenticationFilter@39d04b5, org.springframework.security.web.savedrequest.RequestCacheAwareFilter@7e6d852d, org.springframework.security.web.servletapi.SecurityContextHolderAwareRequestFilter@180c125a, org.springframework.security.web.authentication.AnonymousAuthenticationFilter@1172da0f, org.springframework.security.web.session.SessionManagementFilter@73acaca6, org.springframework.security.web.access.ExceptionTranslationFilter@79e841fd, org.springframework.security.web.access.intercept.FilterSecurityInterceptor@47f36330]
[WARN ] 2020-05-25 05:49:27.591 [restartedMain] OptionalLiveReloadServer - Unable to start LiveReload server
[INFO ] 2020-05-25 05:49:27.614 [restartedMain] Http11NioProtocol - Starting ProtocolHandler ["http-nio-8080"]
[WARN ] 2020-05-25 05:49:27.646 [restartedMain] AnnotationConfigServletWebServerApplicationContext - Exception encountered during context initialization - cancelling refresh attempt: org.springframework.context.ApplicationContextException: Failed to start bean 'webServerStartStop'; nested exception is org.springframework.boot.web.server.PortInUseException: Port 8080 is already in use
[INFO ] 2020-05-25 05:49:27.649 [restartedMain] ThreadPoolTaskExecutor - Shutting down ExecutorService 'applicationTaskExecutor'
[INFO ] 2020-05-25 05:49:27.653 [restartedMain] Http11NioProtocol - Pausing ProtocolHandler ["http-nio-8080"]
[INFO ] 2020-05-25 05:49:27.653 [restartedMain] StandardService - Stopping service [Tomcat]
[INFO ] 2020-05-25 05:49:27.658 [restartedMain] Http11NioProtocol - Stopping ProtocolHandler ["http-nio-8080"]
[INFO ] 2020-05-25 05:49:27.658 [restartedMain] Http11NioProtocol - Destroying ProtocolHandler ["http-nio-8080"]
[INFO ] 2020-05-25 05:49:27.667 [restartedMain] ConditionEvaluationReportLoggingListener - 

Error starting ApplicationContext. To display the conditions report re-run your application with 'debug' enabled.
[ERROR] 2020-05-25 05:49:27.675 [restartedMain] LoggingFailureAnalysisReporter - 

***************************
APPLICATION FAILED TO START
***************************

Description:

Web server failed to start. Port 8080 was already in use.

Action:

Identify and stop the process that's listening on port 8080 or configure this application to listen on another port.

[INFO ] 2020-05-25 05:49:48.225 [restartedMain] SecurityApplication - Starting SecurityApplication on gimminjong-ui-MacBook-Pro.local with PID 3401 (/Users/mjk/IdeaProjects/security/build/classes/java/main started by mjk in /Users/mjk/IdeaProjects/security)
[INFO ] 2020-05-25 05:49:48.234 [restartedMain] SecurityApplication - No active profile set, falling back to default profiles: default
[INFO ] 2020-05-25 05:49:48.285 [restartedMain] DevToolsPropertyDefaultsPostProcessor - Devtools property defaults active! Set 'spring.devtools.add-properties' to 'false' to disable
[INFO ] 2020-05-25 05:49:48.294 [restartedMain] DevToolsPropertyDefaultsPostProcessor - For additional web related logging consider setting the 'logging.level.web' property to 'DEBUG'
[INFO ] 2020-05-25 05:49:49.704 [restartedMain] TomcatWebServer - Tomcat initialized with port(s): 8080 (http)
[INFO ] 2020-05-25 05:49:49.713 [restartedMain] Http11NioProtocol - Initializing ProtocolHandler ["http-nio-8080"]
[INFO ] 2020-05-25 05:49:49.714 [restartedMain] StandardService - Starting service [Tomcat]
[INFO ] 2020-05-25 05:49:49.714 [restartedMain] StandardEngine - Starting Servlet engine: [Apache Tomcat/9.0.35]
[INFO ] 2020-05-25 05:49:50.040 [restartedMain] TldScanner - At least one JAR was scanned for TLDs yet contained no TLDs. Enable debug logging for this logger for a complete list of JARs that were scanned but no TLDs were found in them. Skipping unneeded JARs during scanning can improve startup time and JSP compilation time.
[INFO ] 2020-05-25 05:49:50.045 [restartedMain] [/] - Initializing Spring embedded WebApplicationContext
[INFO ] 2020-05-25 05:49:50.046 [restartedMain] ContextLoader - Root WebApplicationContext: initialization completed in 1751 ms
[INFO ] 2020-05-25 05:49:50.597 [restartedMain] ThreadPoolTaskExecutor - Initializing ExecutorService 'applicationTaskExecutor'
[INFO ] 2020-05-25 05:49:50.896 [restartedMain] DefaultSecurityFilterChain - Creating filter chain: any request, [org.springframework.security.web.context.request.async.WebAsyncManagerIntegrationFilter@2a3307e9, org.springframework.security.web.context.SecurityContextPersistenceFilter@70427c99, org.springframework.security.web.header.HeaderWriterFilter@1b47be0e, org.springframework.security.web.csrf.CsrfFilter@2a53d3e1, org.springframework.security.web.authentication.logout.LogoutFilter@30eca8f8, org.springframework.security.web.authentication.UsernamePasswordAuthenticationFilter@51702cc6, org.springframework.security.web.savedrequest.RequestCacheAwareFilter@21dd0dbb, org.springframework.security.web.servletapi.SecurityContextHolderAwareRequestFilter@508a0dd6, org.springframework.security.web.authentication.AnonymousAuthenticationFilter@4758de1d, org.springframework.security.web.session.SessionManagementFilter@2f51fdfd, org.springframework.security.web.access.ExceptionTranslationFilter@1a7a4627, org.springframework.security.web.access.intercept.FilterSecurityInterceptor@79b0635d]
[INFO ] 2020-05-25 05:49:50.934 [restartedMain] OptionalLiveReloadServer - LiveReload server is running on port 35729
[INFO ] 2020-05-25 05:49:50.957 [restartedMain] Http11NioProtocol - Starting ProtocolHandler ["http-nio-8080"]
[INFO ] 2020-05-25 05:49:51.002 [restartedMain] TomcatWebServer - Tomcat started on port(s): 8080 (http) with context path ''
[INFO ] 2020-05-25 05:49:51.015 [restartedMain] SecurityApplication - Started SecurityApplication in 3.188 seconds (JVM running for 5.402)
[INFO ] 2020-05-25 05:50:26.608 [SpringContextShutdownHook] ThreadPoolTaskExecutor - Shutting down ExecutorService 'applicationTaskExecutor'
[INFO ] 2020-05-25 05:50:30.837 [restartedMain] SecurityApplication - Starting SecurityApplication on gimminjong-ui-MacBook-Pro.local with PID 3412 (/Users/mjk/IdeaProjects/security/build/classes/java/main started by mjk in /Users/mjk/IdeaProjects/security)
[INFO ] 2020-05-25 05:50:30.845 [restartedMain] SecurityApplication - No active profile set, falling back to default profiles: default
[INFO ] 2020-05-25 05:50:30.888 [restartedMain] DevToolsPropertyDefaultsPostProcessor - Devtools property defaults active! Set 'spring.devtools.add-properties' to 'false' to disable
[INFO ] 2020-05-25 05:50:30.894 [restartedMain] DevToolsPropertyDefaultsPostProcessor - For additional web related logging consider setting the 'logging.level.web' property to 'DEBUG'
[INFO ] 2020-05-25 05:50:32.589 [restartedMain] TomcatWebServer - Tomcat initialized with port(s): 8080 (http)
[INFO ] 2020-05-25 05:50:32.597 [restartedMain] Http11NioProtocol - Initializing ProtocolHandler ["http-nio-8080"]
[INFO ] 2020-05-25 05:50:32.598 [restartedMain] StandardService - Starting service [Tomcat]
[INFO ] 2020-05-25 05:50:32.598 [restartedMain] StandardEngine - Starting Servlet engine: [Apache Tomcat/9.0.35]
[INFO ] 2020-05-25 05:50:32.933 [restartedMain] TldScanner - At least one JAR was scanned for TLDs yet contained no TLDs. Enable debug logging for this logger for a complete list of JARs that were scanned but no TLDs were found in them. Skipping unneeded JARs during scanning can improve startup time and JSP compilation time.
[INFO ] 2020-05-25 05:50:32.938 [restartedMain] [/] - Initializing Spring embedded WebApplicationContext
[INFO ] 2020-05-25 05:50:32.940 [restartedMain] ContextLoader - Root WebApplicationContext: initialization completed in 2045 ms
[INFO ] 2020-05-25 05:50:33.467 [restartedMain] ThreadPoolTaskExecutor - Initializing ExecutorService 'applicationTaskExecutor'
[INFO ] 2020-05-25 05:50:33.773 [restartedMain] DefaultSecurityFilterChain - Creating filter chain: any request, [org.springframework.security.web.context.request.async.WebAsyncManagerIntegrationFilter@61259097, org.springframework.security.web.context.SecurityContextPersistenceFilter@3bde743c, org.springframework.security.web.header.HeaderWriterFilter@5721e470, org.springframework.security.web.csrf.CsrfFilter@514107e7, org.springframework.security.web.authentication.logout.LogoutFilter@1ff4d1c0, org.springframework.security.web.authentication.UsernamePasswordAuthenticationFilter@5597b813, org.springframework.security.web.savedrequest.RequestCacheAwareFilter@2b9097fa, org.springframework.security.web.servletapi.SecurityContextHolderAwareRequestFilter@370db593, org.springframework.security.web.authentication.AnonymousAuthenticationFilter@735c23d2, org.springframework.security.web.session.SessionManagementFilter@612bc511, org.springframework.security.web.access.ExceptionTranslationFilter@4620ff61, org.springframework.security.web.access.intercept.FilterSecurityInterceptor@519256a5]
[INFO ] 2020-05-25 05:50:33.813 [restartedMain] OptionalLiveReloadServer - LiveReload server is running on port 35729
[INFO ] 2020-05-25 05:50:33.836 [restartedMain] Http11NioProtocol - Starting ProtocolHandler ["http-nio-8080"]
[INFO ] 2020-05-25 05:50:33.880 [restartedMain] TomcatWebServer - Tomcat started on port(s): 8080 (http) with context path ''
[INFO ] 2020-05-25 05:50:33.893 [restartedMain] SecurityApplication - Started SecurityApplication in 3.463 seconds (JVM running for 5.066)
[INFO ] 2020-05-25 05:50:40.585 [http-nio-8080-exec-1] [/] - Initializing Spring DispatcherServlet 'dispatcherServlet'
[INFO ] 2020-05-25 05:50:40.587 [http-nio-8080-exec-1] DispatcherServlet - Initializing Servlet 'dispatcherServlet'
[INFO ] 2020-05-25 05:50:40.596 [http-nio-8080-exec-1] DispatcherServlet - Completed initialization in 8 ms
[INFO ] 2020-05-25 05:50:51.797 [http-nio-8080-exec-2] CustomAuthenticationProvider - ### authenticate ### 
[INFO ] 2020-05-25 05:50:51.797 [http-nio-8080-exec-2] AccountService - ## loadUserByUsername ##
[INFO ] 2020-05-25 05:50:51.847 [http-nio-8080-exec-2] HikariDataSource - HikariPool-1 - Starting...
[INFO ] 2020-05-25 05:50:52.070 [http-nio-8080-exec-2] HikariDataSource - HikariPool-1 - Start completed.
[INFO ] 2020-05-25 05:51:14.291 [http-nio-8080-exec-9] CustomAuthenticationProvider - ### authenticate ### 
[INFO ] 2020-05-25 05:51:14.292 [http-nio-8080-exec-9] AccountService - ## loadUserByUsername ##
[INFO ] 2020-05-25 05:52:49.523 [SpringContextShutdownHook] ThreadPoolTaskExecutor - Shutting down ExecutorService 'applicationTaskExecutor'
[INFO ] 2020-05-25 05:52:49.524 [SpringContextShutdownHook] HikariDataSource - HikariPool-1 - Shutdown initiated...
[INFO ] 2020-05-25 05:52:49.535 [SpringContextShutdownHook] HikariDataSource - HikariPool-1 - Shutdown completed.
[INFO ] 2020-05-25 05:52:54.495 [restartedMain] SecurityApplication - Starting SecurityApplication on gimminjong-ui-MacBook-Pro.local with PID 3492 (/Users/mjk/IdeaProjects/security/build/classes/java/main started by mjk in /Users/mjk/IdeaProjects/security)
[INFO ] 2020-05-25 05:52:54.503 [restartedMain] SecurityApplication - No active profile set, falling back to default profiles: default
[INFO ] 2020-05-25 05:52:54.555 [restartedMain] DevToolsPropertyDefaultsPostProcessor - Devtools property defaults active! Set 'spring.devtools.add-properties' to 'false' to disable
[INFO ] 2020-05-25 05:52:54.555 [restartedMain] DevToolsPropertyDefaultsPostProcessor - For additional web related logging consider setting the 'logging.level.web' property to 'DEBUG'
[INFO ] 2020-05-25 05:52:55.937 [restartedMain] TomcatWebServer - Tomcat initialized with port(s): 8080 (http)
[INFO ] 2020-05-25 05:52:55.947 [restartedMain] Http11NioProtocol - Initializing ProtocolHandler ["http-nio-8080"]
[INFO ] 2020-05-25 05:52:55.948 [restartedMain] StandardService - Starting service [Tomcat]
[INFO ] 2020-05-25 05:52:55.949 [restartedMain] StandardEngine - Starting Servlet engine: [Apache Tomcat/9.0.35]
[INFO ] 2020-05-25 05:52:56.335 [restartedMain] TldScanner - At least one JAR was scanned for TLDs yet contained no TLDs. Enable debug logging for this logger for a complete list of JARs that were scanned but no TLDs were found in them. Skipping unneeded JARs during scanning can improve startup time and JSP compilation time.
[INFO ] 2020-05-25 05:52:56.340 [restartedMain] [/] - Initializing Spring embedded WebApplicationContext
[INFO ] 2020-05-25 05:52:56.342 [restartedMain] ContextLoader - Root WebApplicationContext: initialization completed in 1786 ms
[INFO ] 2020-05-25 05:52:56.956 [restartedMain] ThreadPoolTaskExecutor - Initializing ExecutorService 'applicationTaskExecutor'
[INFO ] 2020-05-25 05:52:57.246 [restartedMain] DefaultSecurityFilterChain - Creating filter chain: any request, [org.springframework.security.web.context.request.async.WebAsyncManagerIntegrationFilter@5573dca7, org.springframework.security.web.context.SecurityContextPersistenceFilter@d62bee0, org.springframework.security.web.header.HeaderWriterFilter@738c4ed0, org.springframework.security.web.csrf.CsrfFilter@2be5a9f1, org.springframework.security.web.authentication.logout.LogoutFilter@3ff0f9b9, org.springframework.security.web.authentication.UsernamePasswordAuthenticationFilter@41e1435, org.springframework.security.web.savedrequest.RequestCacheAwareFilter@33b0b4a0, org.springframework.security.web.servletapi.SecurityContextHolderAwareRequestFilter@6f77970d, org.springframework.security.web.authentication.AnonymousAuthenticationFilter@62923ddf, org.springframework.security.web.session.SessionManagementFilter@2d8b7a68, org.springframework.security.web.access.ExceptionTranslationFilter@402204b, org.springframework.security.web.access.intercept.FilterSecurityInterceptor@47ed7fb2]
[INFO ] 2020-05-25 05:52:57.288 [restartedMain] OptionalLiveReloadServer - LiveReload server is running on port 35729
[INFO ] 2020-05-25 05:52:57.321 [restartedMain] Http11NioProtocol - Starting ProtocolHandler ["http-nio-8080"]
[INFO ] 2020-05-25 05:52:57.381 [restartedMain] TomcatWebServer - Tomcat started on port(s): 8080 (http) with context path ''
[INFO ] 2020-05-25 05:52:57.394 [restartedMain] SecurityApplication - Started SecurityApplication in 3.331 seconds (JVM running for 5.097)
[INFO ] 2020-05-25 05:53:08.624 [http-nio-8080-exec-1] [/] - Initializing Spring DispatcherServlet 'dispatcherServlet'
[INFO ] 2020-05-25 05:53:08.624 [http-nio-8080-exec-1] DispatcherServlet - Initializing Servlet 'dispatcherServlet'
[INFO ] 2020-05-25 05:53:08.634 [http-nio-8080-exec-1] DispatcherServlet - Completed initialization in 9 ms
[INFO ] 2020-05-25 05:53:14.065 [http-nio-8080-exec-2] CustomAuthenticationProvider - ### authenticate ### 
[INFO ] 2020-05-25 05:53:14.066 [http-nio-8080-exec-2] AccountService - ## loadUserByUsername ##
[INFO ] 2020-05-25 05:53:14.101 [http-nio-8080-exec-2] HikariDataSource - HikariPool-1 - Starting...
[INFO ] 2020-05-25 05:53:14.269 [http-nio-8080-exec-2] connection - 1. Connection opened
[INFO ] 2020-05-25 05:53:14.270 [http-nio-8080-exec-2] audit - 1. Connection.new Connection returned 
[INFO ] 2020-05-25 05:53:14.270 [http-nio-8080-exec-2] audit - 1. Connection.getNetworkTimeout() returned 0
[INFO ] 2020-05-25 05:53:14.271 [http-nio-8080-exec-2] audit - 1. Connection.isReadOnly() returned false
[INFO ] 2020-05-25 05:53:14.272 [http-nio-8080-exec-2] audit - 1. Connection.getAutoCommit() returned true
[INFO ] 2020-05-25 05:53:14.272 [http-nio-8080-exec-2] audit - 1. Connection.isValid(1) returned true
[INFO ] 2020-05-25 05:53:14.273 [http-nio-8080-exec-2] audit - 1. Connection.getTransactionIsolation() returned 4
[INFO ] 2020-05-25 05:53:14.277 [http-nio-8080-exec-2] HikariDataSource - HikariPool-1 - Start completed.
[INFO ] 2020-05-25 05:53:14.282 [http-nio-8080-exec-2] audit - 1. Connection.getAutoCommit() returned true
[INFO ] 2020-05-25 05:53:14.308 [http-nio-8080-exec-2] audit - 1. PreparedStatement.new PreparedStatement returned 
[INFO ] 2020-05-25 05:53:14.310 [http-nio-8080-exec-2] audit - 1. Connection.prepareStatement(SELECT * FROM USER_INFO
		WHERE ID= ?) returned net.sf.log4jdbc.sql.jdbcapi.PreparedStatementSpy@6fca974f
[INFO ] 2020-05-25 05:53:14.318 [http-nio-8080-exec-2] audit - 1. PreparedStatement.setString(1, "member") returned 
[INFO ] 2020-05-25 05:53:14.321 [http-nio-8080-exec-2] sqlonly - SELECT * FROM USER_INFO
		WHERE ID= 'member'

[INFO ] 2020-05-25 05:53:14.333 [http-nio-8080-exec-2] sqltiming - SELECT * FROM USER_INFO
		WHERE ID= 'member'
 {executed in 11 msec}
[INFO ] 2020-05-25 05:53:14.334 [http-nio-8080-exec-2] audit - 1. PreparedStatement.execute() returned true
[INFO ] 2020-05-25 05:53:14.338 [http-nio-8080-exec-2] resultset - 1. ResultSet.new ResultSet returned 
[INFO ] 2020-05-25 05:53:14.338 [http-nio-8080-exec-2] audit - 1. PreparedStatement.getResultSet() returned net.sf.log4jdbc.sql.jdbcapi.ResultSetSpy@9e8884c
[INFO ] 2020-05-25 05:53:14.342 [http-nio-8080-exec-2] resultset - 1. ResultSet.getMetaData() returned com.mysql.cj.jdbc.result.ResultSetMetaData@4e0db599 - Field level information: 
	com.mysql.cj.result.Field@2abae038[dbName=test,tableName=USER_INFO,originalTableName=user_info,columnName=id,originalColumnName=id,mysqlType=253(FIELD_TYPE_VARCHAR),sqlType=12,flags= BINARY, charsetIndex=83, charsetName=UTF-8]
	com.mysql.cj.result.Field@57f83dbd[dbName=test,tableName=USER_INFO,originalTableName=user_info,columnName=password,originalColumnName=password,mysqlType=253(FIELD_TYPE_VARCHAR),sqlType=12,flags= BINARY, charsetIndex=83, charsetName=UTF-8]
	com.mysql.cj.result.Field@2078462b[dbName=test,tableName=USER_INFO,originalTableName=user_info,columnName=isAccountNonexpired,originalColumnName=isAccountNonexpired,mysqlType=3(FIELD_TYPE_INT),sqlType=4,flags=, charsetIndex=63, charsetName=ISO-8859-1]
	com.mysql.cj.result.Field@37a8ec0[dbName=test,tableName=USER_INFO,originalTableName=user_info,columnName=isAccountNonLocked,originalColumnName=isAccountNonLocked,mysqlType=3(FIELD_TYPE_INT),sqlType=4,flags=, charsetIndex=63, charsetName=ISO-8859-1]
	com.mysql.cj.result.Field@7e3c15b7[dbName=test,tableName=USER_INFO,originalTableName=user_info,columnName=isCredentialsNonExpired,originalColumnName=isCredentialsNonExpired,mysqlType=3(FIELD_TYPE_INT),sqlType=4,flags=, charsetIndex=63, charsetName=ISO-8859-1]
	com.mysql.cj.result.Field@68bfca18[dbName=test,tableName=USER_INFO,originalTableName=user_info,columnName=isEnabled,originalColumnName=isEnabled,mysqlType=3(FIELD_TYPE_INT),sqlType=4,flags=, charsetIndex=63, charsetName=ISO-8859-1]
[INFO ] 2020-05-25 05:53:14.346 [http-nio-8080-exec-2] resultset - 1. ResultSet.getType() returned 1003
[INFO ] 2020-05-25 05:53:14.348 [http-nio-8080-exec-2] resultset - 1. ResultSet.next() returned true
[INFO ] 2020-05-25 05:53:14.355 [http-nio-8080-exec-2] resultset - 1. ResultSet.getString(id) returned member
[INFO ] 2020-05-25 05:53:14.356 [http-nio-8080-exec-2] resultset - 1. ResultSet.wasNull() returned false
[INFO ] 2020-05-25 05:53:14.356 [http-nio-8080-exec-2] resultset - 1. ResultSet.getString(password) returned {bcrypt}$2a$10$KmeQMmC62oTmxf6Lv56NDOVCGR5LNh5VkjMe98741HNQg14TBsNPO
[INFO ] 2020-05-25 05:53:14.356 [http-nio-8080-exec-2] resultset - 1. ResultSet.wasNull() returned false
[INFO ] 2020-05-25 05:53:14.356 [http-nio-8080-exec-2] resultset - 1. ResultSet.getBoolean(isAccountNonexpired) returned true
[INFO ] 2020-05-25 05:53:14.356 [http-nio-8080-exec-2] resultset - 1. ResultSet.wasNull() returned false
[INFO ] 2020-05-25 05:53:14.357 [http-nio-8080-exec-2] resultset - 1. ResultSet.getBoolean(isAccountNonLocked) returned true
[INFO ] 2020-05-25 05:53:14.357 [http-nio-8080-exec-2] resultset - 1. ResultSet.wasNull() returned false
[INFO ] 2020-05-25 05:53:14.358 [http-nio-8080-exec-2] resultset - 1. ResultSet.getBoolean(isCredentialsNonExpired) returned true
[INFO ] 2020-05-25 05:53:14.358 [http-nio-8080-exec-2] resultset - 1. ResultSet.wasNull() returned false
[INFO ] 2020-05-25 05:53:14.358 [http-nio-8080-exec-2] resultset - 1. ResultSet.getBoolean(isEnabled) returned true
[INFO ] 2020-05-25 05:53:14.359 [http-nio-8080-exec-2] resultset - 1. ResultSet.wasNull() returned false
[INFO ] 2020-05-25 05:53:14.361 [http-nio-8080-exec-2] resultsettable - 
|-------|---------------------------------------------------------------------|--------------------|-------------------|------------------------|----------|
|id     |password                                                             |isaccountnonexpired |isaccountnonlocked |iscredentialsnonexpired |isenabled |
|-------|---------------------------------------------------------------------|--------------------|-------------------|------------------------|----------|
|member |{bcrypt}$2a$10$KmeQMmC62oTmxf6Lv56NDOVCGR5LNh5VkjMe98741HNQg14TBsNPO |true                |true               |true                    |true      |
|-------|---------------------------------------------------------------------|--------------------|-------------------|------------------------|----------|

[INFO ] 2020-05-25 05:53:14.361 [http-nio-8080-exec-2] resultset - 1. ResultSet.next() returned false
[INFO ] 2020-05-25 05:53:14.363 [http-nio-8080-exec-2] resultset - 1. ResultSet.close() returned void
[INFO ] 2020-05-25 05:53:14.366 [http-nio-8080-exec-2] audit - 1. Connection.getMetaData() returned com.mysql.cj.jdbc.DatabaseMetaDataUsingInfoSchema@428b853e
[INFO ] 2020-05-25 05:53:14.369 [http-nio-8080-exec-2] audit - 1. PreparedStatement.getMoreResults() returned false
[INFO ] 2020-05-25 05:53:14.369 [http-nio-8080-exec-2] audit - 1. PreparedStatement.getUpdateCount() returned -1
[INFO ] 2020-05-25 05:53:14.370 [http-nio-8080-exec-2] audit - 1. PreparedStatement.close() returned 
[INFO ] 2020-05-25 05:53:14.374 [http-nio-8080-exec-2] audit - 1. Connection.clearWarnings() returned 
[INFO ] 2020-05-25 05:53:14.375 [http-nio-8080-exec-2] audit - 1. Connection.getAutoCommit() returned true
[INFO ] 2020-05-25 05:53:14.375 [http-nio-8080-exec-2] audit - 1. PreparedStatement.new PreparedStatement returned 
[INFO ] 2020-05-25 05:53:14.375 [http-nio-8080-exec-2] audit - 1. Connection.prepareStatement(SELECT AUTHORITY_NAME
		FROM AUTHORITY WHERE USERNAME=?) returned net.sf.log4jdbc.sql.jdbcapi.PreparedStatementSpy@67533b9f
[INFO ] 2020-05-25 05:53:14.376 [http-nio-8080-exec-2] audit - 1. PreparedStatement.setString(1, "member") returned 
[INFO ] 2020-05-25 05:53:14.377 [http-nio-8080-exec-2] sqlonly - SELECT AUTHORITY_NAME
		FROM AUTHORITY WHERE USERNAME='member'

[INFO ] 2020-05-25 05:53:14.378 [http-nio-8080-exec-2] sqltiming - SELECT AUTHORITY_NAME
		FROM AUTHORITY WHERE USERNAME='member'
 {executed in 1 msec}
[INFO ] 2020-05-25 05:53:14.378 [http-nio-8080-exec-2] audit - 1. PreparedStatement.execute() returned true
[INFO ] 2020-05-25 05:53:14.379 [http-nio-8080-exec-2] resultset - 1. ResultSet.new ResultSet returned 
[INFO ] 2020-05-25 05:53:14.379 [http-nio-8080-exec-2] audit - 1. PreparedStatement.getResultSet() returned net.sf.log4jdbc.sql.jdbcapi.ResultSetSpy@4bd97195
[INFO ] 2020-05-25 05:53:14.379 [http-nio-8080-exec-2] resultset - 1. ResultSet.getMetaData() returned com.mysql.cj.jdbc.result.ResultSetMetaData@7abb8433 - Field level information: 
	com.mysql.cj.result.Field@4cac738[dbName=test,tableName=AUTHORITY,originalTableName=authority,columnName=AUTHORITY_NAME,originalColumnName=authority_name,mysqlType=253(FIELD_TYPE_VARCHAR),sqlType=12,flags= BINARY, charsetIndex=83, charsetName=UTF-8]
[INFO ] 2020-05-25 05:53:14.379 [http-nio-8080-exec-2] resultset - 1. ResultSet.getType() returned 1003
[INFO ] 2020-05-25 05:53:14.381 [http-nio-8080-exec-2] resultset - 1. ResultSet.next() returned true
[INFO ] 2020-05-25 05:53:14.383 [http-nio-8080-exec-2] resultset - 1. ResultSet.getString(AUTHORITY_NAME) returned ROLE_MEMBER
[INFO ] 2020-05-25 05:53:14.384 [http-nio-8080-exec-2] resultset - 1. ResultSet.wasNull() returned false
[INFO ] 2020-05-25 05:53:14.385 [http-nio-8080-exec-2] resultsettable - 
|---------------|
|authority_name |
|---------------|
|ROLE_MEMBER    |
|---------------|

[INFO ] 2020-05-25 05:53:14.385 [http-nio-8080-exec-2] resultset - 1. ResultSet.next() returned false
[INFO ] 2020-05-25 05:53:14.385 [http-nio-8080-exec-2] resultset - 1. ResultSet.close() returned void
[INFO ] 2020-05-25 05:53:14.386 [http-nio-8080-exec-2] audit - 1. Connection.getMetaData() returned com.mysql.cj.jdbc.DatabaseMetaDataUsingInfoSchema@685db9c0
[INFO ] 2020-05-25 05:53:14.386 [http-nio-8080-exec-2] audit - 1. PreparedStatement.getMoreResults() returned false
[INFO ] 2020-05-25 05:53:14.386 [http-nio-8080-exec-2] audit - 1. PreparedStatement.getUpdateCount() returned -1
[INFO ] 2020-05-25 05:53:14.388 [HikariPool-1 connection adder] connection - 2. Connection opened
[INFO ] 2020-05-25 05:53:14.388 [http-nio-8080-exec-2] audit - 1. PreparedStatement.close() returned 
[INFO ] 2020-05-25 05:53:14.388 [HikariPool-1 connection adder] audit - 2. Connection.new Connection returned 
[INFO ] 2020-05-25 05:53:14.389 [http-nio-8080-exec-2] audit - 1. Connection.clearWarnings() returned 
[INFO ] 2020-05-25 05:53:14.390 [HikariPool-1 connection adder] audit - 2. Connection.isReadOnly() returned false
[INFO ] 2020-05-25 05:53:14.390 [HikariPool-1 connection adder] audit - 2. Connection.getAutoCommit() returned true
[INFO ] 2020-05-25 05:53:14.396 [HikariPool-1 connection adder] connection - 3. Connection opened
[INFO ] 2020-05-25 05:53:14.396 [HikariPool-1 connection adder] audit - 3. Connection.new Connection returned 
[INFO ] 2020-05-25 05:53:14.397 [HikariPool-1 connection adder] audit - 3. Connection.isReadOnly() returned false
[INFO ] 2020-05-25 05:53:14.397 [HikariPool-1 connection adder] audit - 3. Connection.getAutoCommit() returned true
[INFO ] 2020-05-25 05:53:14.405 [HikariPool-1 connection adder] connection - 4. Connection opened
[INFO ] 2020-05-25 05:53:14.405 [HikariPool-1 connection adder] audit - 4. Connection.new Connection returned 
[INFO ] 2020-05-25 05:53:14.406 [HikariPool-1 connection adder] audit - 4. Connection.isReadOnly() returned false
[INFO ] 2020-05-25 05:53:14.406 [HikariPool-1 connection adder] audit - 4. Connection.getAutoCommit() returned true
[INFO ] 2020-05-25 05:53:14.409 [HikariPool-1 connection adder] connection - 5. Connection opened
[INFO ] 2020-05-25 05:53:14.410 [HikariPool-1 connection adder] audit - 5. Connection.new Connection returned 
[INFO ] 2020-05-25 05:53:14.410 [HikariPool-1 connection adder] audit - 5. Connection.isReadOnly() returned false
[INFO ] 2020-05-25 05:53:14.410 [HikariPool-1 connection adder] audit - 5. Connection.getAutoCommit() returned true
[INFO ] 2020-05-25 05:53:14.415 [HikariPool-1 connection adder] connection - 6. Connection opened
[INFO ] 2020-05-25 05:53:14.415 [HikariPool-1 connection adder] audit - 6. Connection.new Connection returned 
[INFO ] 2020-05-25 05:53:14.417 [HikariPool-1 connection adder] audit - 6. Connection.isReadOnly() returned false
[INFO ] 2020-05-25 05:53:14.417 [HikariPool-1 connection adder] audit - 6. Connection.getAutoCommit() returned true
[INFO ] 2020-05-25 05:53:14.421 [HikariPool-1 connection adder] connection - 7. Connection opened
[INFO ] 2020-05-25 05:53:14.421 [HikariPool-1 connection adder] audit - 7. Connection.new Connection returned 
[INFO ] 2020-05-25 05:53:14.422 [HikariPool-1 connection adder] audit - 7. Connection.isReadOnly() returned false
[INFO ] 2020-05-25 05:53:14.422 [HikariPool-1 connection adder] audit - 7. Connection.getAutoCommit() returned true
[INFO ] 2020-05-25 05:53:14.428 [HikariPool-1 connection adder] connection - 8. Connection opened
[INFO ] 2020-05-25 05:53:14.428 [HikariPool-1 connection adder] audit - 8. Connection.new Connection returned 
[INFO ] 2020-05-25 05:53:14.429 [HikariPool-1 connection adder] audit - 8. Connection.isReadOnly() returned false
[INFO ] 2020-05-25 05:53:14.429 [HikariPool-1 connection adder] audit - 8. Connection.getAutoCommit() returned true
[INFO ] 2020-05-25 05:53:14.434 [HikariPool-1 connection adder] connection - 9. Connection opened
[INFO ] 2020-05-25 05:53:14.435 [HikariPool-1 connection adder] audit - 9. Connection.new Connection returned 
[INFO ] 2020-05-25 05:53:14.435 [HikariPool-1 connection adder] audit - 9. Connection.isReadOnly() returned false
[INFO ] 2020-05-25 05:53:14.435 [HikariPool-1 connection adder] audit - 9. Connection.getAutoCommit() returned true
[INFO ] 2020-05-25 05:53:14.439 [HikariPool-1 connection adder] connection - 10. Connection opened
[INFO ] 2020-05-25 05:53:14.439 [HikariPool-1 connection adder] audit - 10. Connection.new Connection returned 
[INFO ] 2020-05-25 05:53:14.440 [HikariPool-1 connection adder] audit - 10. Connection.isReadOnly() returned false
[INFO ] 2020-05-25 05:53:14.440 [HikariPool-1 connection adder] audit - 10. Connection.getAutoCommit() returned true
[INFO ] 2020-05-25 05:54:55.524 [SpringContextShutdownHook] ThreadPoolTaskExecutor - Shutting down ExecutorService 'applicationTaskExecutor'
[INFO ] 2020-05-25 05:54:55.526 [SpringContextShutdownHook] HikariDataSource - HikariPool-1 - Shutdown initiated...
[INFO ] 2020-05-25 05:54:55.540 [HikariPool-1 connection closer] connection - 1. Connection closed
[INFO ] 2020-05-25 05:54:55.540 [HikariPool-1 connection closer] audit - 1. Connection.close() returned 
[INFO ] 2020-05-25 05:54:55.541 [HikariPool-1 connection closer] connection - 2. Connection closed
[INFO ] 2020-05-25 05:54:55.541 [HikariPool-1 connection closer] audit - 2. Connection.close() returned 
[INFO ] 2020-05-25 05:54:55.542 [HikariPool-1 connection closer] connection - 3. Connection closed
[INFO ] 2020-05-25 05:54:55.542 [HikariPool-1 connection closer] audit - 3. Connection.close() returned 
[INFO ] 2020-05-25 05:54:55.543 [HikariPool-1 connection closer] connection - 4. Connection closed
[INFO ] 2020-05-25 05:54:55.543 [HikariPool-1 connection closer] audit - 4. Connection.close() returned 
[INFO ] 2020-05-25 05:54:55.544 [HikariPool-1 connection closer] connection - 5. Connection closed
[INFO ] 2020-05-25 05:54:55.545 [HikariPool-1 connection closer] audit - 5. Connection.close() returned 
[INFO ] 2020-05-25 05:54:55.547 [HikariPool-1 connection closer] connection - 6. Connection closed
[INFO ] 2020-05-25 05:54:55.547 [HikariPool-1 connection closer] audit - 6. Connection.close() returned 
[INFO ] 2020-05-25 05:54:55.548 [HikariPool-1 connection closer] connection - 7. Connection closed
[INFO ] 2020-05-25 05:54:55.548 [HikariPool-1 connection closer] audit - 7. Connection.close() returned 
[INFO ] 2020-05-25 05:54:55.549 [HikariPool-1 connection closer] connection - 8. Connection closed
[INFO ] 2020-05-25 05:54:55.549 [HikariPool-1 connection closer] audit - 8. Connection.close() returned 
[INFO ] 2020-05-25 05:54:55.550 [HikariPool-1 connection closer] connection - 9. Connection closed
[INFO ] 2020-05-25 05:54:55.550 [HikariPool-1 connection closer] audit - 9. Connection.close() returned 
[INFO ] 2020-05-25 05:54:55.550 [HikariPool-1 connection closer] connection - 10. Connection closed
[INFO ] 2020-05-25 05:54:55.550 [HikariPool-1 connection closer] audit - 10. Connection.close() returned 
[INFO ] 2020-05-25 05:54:55.551 [SpringContextShutdownHook] HikariDataSource - HikariPool-1 - Shutdown completed.
[INFO ] 2020-05-25 05:55:00.598 [restartedMain] SecurityApplication - Starting SecurityApplication on gimminjong-ui-MacBook-Pro.local with PID 3588 (/Users/mjk/IdeaProjects/security/build/classes/java/main started by mjk in /Users/mjk/IdeaProjects/security)
[DEBUG] 2020-05-25 05:55:00.628 [restartedMain] SecurityApplication - Running with Spring Boot v2.3.0.RELEASE, Spring v5.2.6.RELEASE
[INFO ] 2020-05-25 05:55:00.630 [restartedMain] SecurityApplication - No active profile set, falling back to default profiles: default
[INFO ] 2020-05-25 05:55:00.745 [restartedMain] DevToolsPropertyDefaultsPostProcessor - Devtools property defaults active! Set 'spring.devtools.add-properties' to 'false' to disable
[INFO ] 2020-05-25 05:55:00.746 [restartedMain] DevToolsPropertyDefaultsPostProcessor - For additional web related logging consider setting the 'logging.level.web' property to 'DEBUG'
[INFO ] 2020-05-25 05:55:02.313 [restartedMain] TomcatWebServer - Tomcat initialized with port(s): 8080 (http)
[INFO ] 2020-05-25 05:55:02.323 [restartedMain] Http11NioProtocol - Initializing ProtocolHandler ["http-nio-8080"]
[INFO ] 2020-05-25 05:55:02.331 [restartedMain] StandardService - Starting service [Tomcat]
[INFO ] 2020-05-25 05:55:02.331 [restartedMain] StandardEngine - Starting Servlet engine: [Apache Tomcat/9.0.35]
[INFO ] 2020-05-25 05:55:02.673 [restartedMain] TldScanner - At least one JAR was scanned for TLDs yet contained no TLDs. Enable debug logging for this logger for a complete list of JARs that were scanned but no TLDs were found in them. Skipping unneeded JARs during scanning can improve startup time and JSP compilation time.
[INFO ] 2020-05-25 05:55:02.678 [restartedMain] [/] - Initializing Spring embedded WebApplicationContext
[INFO ] 2020-05-25 05:55:02.678 [restartedMain] ContextLoader - Root WebApplicationContext: initialization completed in 1932 ms
[INFO ] 2020-05-25 05:55:03.231 [restartedMain] ThreadPoolTaskExecutor - Initializing ExecutorService 'applicationTaskExecutor'
[INFO ] 2020-05-25 05:55:03.511 [restartedMain] DefaultSecurityFilterChain - Creating filter chain: any request, [org.springframework.security.web.context.request.async.WebAsyncManagerIntegrationFilter@9b499f1, org.springframework.security.web.context.SecurityContextPersistenceFilter@4bd45686, org.springframework.security.web.header.HeaderWriterFilter@5e8e3c8e, org.springframework.security.web.csrf.CsrfFilter@76f5950e, org.springframework.security.web.authentication.logout.LogoutFilter@4b67bcc0, org.springframework.security.web.authentication.UsernamePasswordAuthenticationFilter@22a57811, org.springframework.security.web.savedrequest.RequestCacheAwareFilter@2f1d6651, org.springframework.security.web.servletapi.SecurityContextHolderAwareRequestFilter@55121beb, org.springframework.security.web.authentication.AnonymousAuthenticationFilter@4f93bce6, org.springframework.security.web.session.SessionManagementFilter@1e164e1a, org.springframework.security.web.access.ExceptionTranslationFilter@53e9f757, org.springframework.security.web.access.intercept.FilterSecurityInterceptor@170e5bc2]
[INFO ] 2020-05-25 05:55:03.549 [restartedMain] OptionalLiveReloadServer - LiveReload server is running on port 35729
[INFO ] 2020-05-25 05:55:03.571 [restartedMain] Http11NioProtocol - Starting ProtocolHandler ["http-nio-8080"]
[INFO ] 2020-05-25 05:55:03.618 [restartedMain] TomcatWebServer - Tomcat started on port(s): 8080 (http) with context path ''
[INFO ] 2020-05-25 05:55:03.631 [restartedMain] SecurityApplication - Started SecurityApplication in 3.661 seconds (JVM running for 5.465)
[INFO ] 2020-05-25 05:55:08.532 [http-nio-8080-exec-1] [/] - Initializing Spring DispatcherServlet 'dispatcherServlet'
[INFO ] 2020-05-25 05:55:08.533 [http-nio-8080-exec-1] DispatcherServlet - Initializing Servlet 'dispatcherServlet'
[INFO ] 2020-05-25 05:55:08.541 [http-nio-8080-exec-1] DispatcherServlet - Completed initialization in 8 ms
[INFO ] 2020-05-25 05:55:21.829 [http-nio-8080-exec-4] CustomAuthenticationProvider - ### authenticate ### 
[INFO ] 2020-05-25 05:55:21.830 [http-nio-8080-exec-4] AccountService - ## loadUserByUsername ##
[INFO ] 2020-05-25 05:55:21.902 [http-nio-8080-exec-4] HikariDataSource - HikariPool-1 - Starting...
[INFO ] 2020-05-25 05:55:22.095 [http-nio-8080-exec-4] connection - 1. Connection opened
[INFO ] 2020-05-25 05:55:22.095 [http-nio-8080-exec-4] audit - 1. Connection.new Connection returned 
[INFO ] 2020-05-25 05:55:22.095 [http-nio-8080-exec-4] audit - 1. Connection.getNetworkTimeout() returned 0
[INFO ] 2020-05-25 05:55:22.097 [http-nio-8080-exec-4] audit - 1. Connection.isReadOnly() returned false
[INFO ] 2020-05-25 05:55:22.097 [http-nio-8080-exec-4] audit - 1. Connection.getAutoCommit() returned true
[INFO ] 2020-05-25 05:55:22.097 [http-nio-8080-exec-4] audit - 1. Connection.isValid(1) returned true
[INFO ] 2020-05-25 05:55:22.098 [http-nio-8080-exec-4] audit - 1. Connection.getTransactionIsolation() returned 4
[INFO ] 2020-05-25 05:55:22.102 [http-nio-8080-exec-4] HikariDataSource - HikariPool-1 - Start completed.
[INFO ] 2020-05-25 05:55:22.105 [http-nio-8080-exec-4] audit - 1. Connection.getAutoCommit() returned true
[DEBUG] 2020-05-25 05:55:22.110 [http-nio-8080-exec-4] readAccount - ==>  Preparing: SELECT * FROM USER_INFO WHERE ID= ? 
[INFO ] 2020-05-25 05:55:22.144 [http-nio-8080-exec-4] audit - 1. PreparedStatement.new PreparedStatement returned 
[INFO ] 2020-05-25 05:55:22.144 [http-nio-8080-exec-4] audit - 1. Connection.prepareStatement(SELECT * FROM USER_INFO
		WHERE ID= ?) returned net.sf.log4jdbc.sql.jdbcapi.PreparedStatementSpy@59d40787
[INFO ] 2020-05-25 05:55:22.163 [http-nio-8080-exec-4] audit - 1. PreparedStatement.setString(1, "") returned 
[DEBUG] 2020-05-25 05:55:22.164 [http-nio-8080-exec-4] readAccount - ==> Parameters: (String)
[INFO ] 2020-05-25 05:55:22.164 [http-nio-8080-exec-4] sqlonly - SELECT * FROM USER_INFO
		WHERE ID= ''

[INFO ] 2020-05-25 05:55:22.174 [http-nio-8080-exec-4] sqltiming - SELECT * FROM USER_INFO
		WHERE ID= ''
 {executed in 10 msec}
[INFO ] 2020-05-25 05:55:22.174 [http-nio-8080-exec-4] audit - 1. PreparedStatement.execute() returned true
[INFO ] 2020-05-25 05:55:22.178 [http-nio-8080-exec-4] resultset - 1. ResultSet.new ResultSet returned 
[INFO ] 2020-05-25 05:55:22.178 [http-nio-8080-exec-4] audit - 1. PreparedStatement.getResultSet() returned net.sf.log4jdbc.sql.jdbcapi.ResultSetSpy@55f1d59
[INFO ] 2020-05-25 05:55:22.193 [http-nio-8080-exec-4] resultset - 1. ResultSet.getMetaData() returned com.mysql.cj.jdbc.result.ResultSetMetaData@3b8e8013 - Field level information: 
	com.mysql.cj.result.Field@1969853a[dbName=test,tableName=USER_INFO,originalTableName=user_info,columnName=id,originalColumnName=id,mysqlType=253(FIELD_TYPE_VARCHAR),sqlType=12,flags= BINARY, charsetIndex=83, charsetName=UTF-8]
	com.mysql.cj.result.Field@172519c1[dbName=test,tableName=USER_INFO,originalTableName=user_info,columnName=password,originalColumnName=password,mysqlType=253(FIELD_TYPE_VARCHAR),sqlType=12,flags= BINARY, charsetIndex=83, charsetName=UTF-8]
	com.mysql.cj.result.Field@6e028b3c[dbName=test,tableName=USER_INFO,originalTableName=user_info,columnName=isAccountNonexpired,originalColumnName=isAccountNonexpired,mysqlType=3(FIELD_TYPE_INT),sqlType=4,flags=, charsetIndex=63, charsetName=ISO-8859-1]
	com.mysql.cj.result.Field@21c300f7[dbName=test,tableName=USER_INFO,originalTableName=user_info,columnName=isAccountNonLocked,originalColumnName=isAccountNonLocked,mysqlType=3(FIELD_TYPE_INT),sqlType=4,flags=, charsetIndex=63, charsetName=ISO-8859-1]
	com.mysql.cj.result.Field@74d601a0[dbName=test,tableName=USER_INFO,originalTableName=user_info,columnName=isCredentialsNonExpired,originalColumnName=isCredentialsNonExpired,mysqlType=3(FIELD_TYPE_INT),sqlType=4,flags=, charsetIndex=63, charsetName=ISO-8859-1]
	com.mysql.cj.result.Field@4b02e5ea[dbName=test,tableName=USER_INFO,originalTableName=user_info,columnName=isEnabled,originalColumnName=isEnabled,mysqlType=3(FIELD_TYPE_INT),sqlType=4,flags=, charsetIndex=63, charsetName=ISO-8859-1]
[INFO ] 2020-05-25 05:55:22.195 [http-nio-8080-exec-4] resultset - 1. ResultSet.getType() returned 1003
[INFO ] 2020-05-25 05:55:22.198 [http-nio-8080-exec-4] resultsettable - 
|---|---------|--------------------|-------------------|------------------------|----------|
|id |password |isaccountnonexpired |isaccountnonlocked |iscredentialsnonexpired |isenabled |
|---|---------|--------------------|-------------------|------------------------|----------|
|---|---------|--------------------|-------------------|------------------------|----------|

[INFO ] 2020-05-25 05:55:22.198 [http-nio-8080-exec-4] resultset - 1. ResultSet.next() returned false
[DEBUG] 2020-05-25 05:55:22.198 [http-nio-8080-exec-4] readAccount - <==      Total: 0
[INFO ] 2020-05-25 05:55:22.198 [http-nio-8080-exec-4] resultset - 1. ResultSet.close() returned void
[INFO ] 2020-05-25 05:55:22.200 [http-nio-8080-exec-4] audit - 1. Connection.getMetaData() returned com.mysql.cj.jdbc.DatabaseMetaDataUsingInfoSchema@1705e169
[INFO ] 2020-05-25 05:55:22.203 [http-nio-8080-exec-4] audit - 1. PreparedStatement.getMoreResults() returned false
[INFO ] 2020-05-25 05:55:22.203 [http-nio-8080-exec-4] audit - 1. PreparedStatement.getUpdateCount() returned -1
[INFO ] 2020-05-25 05:55:22.205 [http-nio-8080-exec-4] audit - 1. PreparedStatement.close() returned 
[INFO ] 2020-05-25 05:55:22.207 [http-nio-8080-exec-4] audit - 1. Connection.clearWarnings() returned 
[DEBUG] 2020-05-25 05:55:22.208 [http-nio-8080-exec-4] AccountService - ## 계정정보가 존재하지 않습니다. ##
[INFO ] 2020-05-25 05:55:22.214 [HikariPool-1 connection adder] connection - 2. Connection opened
[INFO ] 2020-05-25 05:55:22.215 [HikariPool-1 connection adder] audit - 2. Connection.new Connection returned 
[INFO ] 2020-05-25 05:55:22.216 [HikariPool-1 connection adder] audit - 2. Connection.isReadOnly() returned false
[INFO ] 2020-05-25 05:55:22.216 [HikariPool-1 connection adder] audit - 2. Connection.getAutoCommit() returned true
[INFO ] 2020-05-25 05:55:22.221 [HikariPool-1 connection adder] connection - 3. Connection opened
[INFO ] 2020-05-25 05:55:22.221 [HikariPool-1 connection adder] audit - 3. Connection.new Connection returned 
[INFO ] 2020-05-25 05:55:22.222 [HikariPool-1 connection adder] audit - 3. Connection.isReadOnly() returned false
[INFO ] 2020-05-25 05:55:22.224 [HikariPool-1 connection adder] audit - 3. Connection.getAutoCommit() returned true
[INFO ] 2020-05-25 05:55:22.232 [HikariPool-1 connection adder] connection - 4. Connection opened
[INFO ] 2020-05-25 05:55:22.232 [HikariPool-1 connection adder] audit - 4. Connection.new Connection returned 
[INFO ] 2020-05-25 05:55:22.235 [HikariPool-1 connection adder] audit - 4. Connection.isReadOnly() returned false
[INFO ] 2020-05-25 05:55:22.235 [HikariPool-1 connection adder] audit - 4. Connection.getAutoCommit() returned true
[INFO ] 2020-05-25 05:55:22.243 [HikariPool-1 connection adder] connection - 5. Connection opened
[INFO ] 2020-05-25 05:55:22.243 [HikariPool-1 connection adder] audit - 5. Connection.new Connection returned 
[INFO ] 2020-05-25 05:55:22.244 [HikariPool-1 connection adder] audit - 5. Connection.isReadOnly() returned false
[INFO ] 2020-05-25 05:55:22.244 [HikariPool-1 connection adder] audit - 5. Connection.getAutoCommit() returned true
[INFO ] 2020-05-25 05:55:22.249 [HikariPool-1 connection adder] connection - 6. Connection opened
[INFO ] 2020-05-25 05:55:22.251 [HikariPool-1 connection adder] audit - 6. Connection.new Connection returned 
[INFO ] 2020-05-25 05:55:22.252 [HikariPool-1 connection adder] audit - 6. Connection.isReadOnly() returned false
[INFO ] 2020-05-25 05:55:22.252 [HikariPool-1 connection adder] audit - 6. Connection.getAutoCommit() returned true
[INFO ] 2020-05-25 05:55:22.257 [HikariPool-1 connection adder] connection - 7. Connection opened
[INFO ] 2020-05-25 05:55:22.257 [HikariPool-1 connection adder] audit - 7. Connection.new Connection returned 
[INFO ] 2020-05-25 05:55:22.258 [HikariPool-1 connection adder] audit - 7. Connection.isReadOnly() returned false
[INFO ] 2020-05-25 05:55:22.258 [HikariPool-1 connection adder] audit - 7. Connection.getAutoCommit() returned true
[INFO ] 2020-05-25 05:55:22.263 [HikariPool-1 connection adder] connection - 8. Connection opened
[INFO ] 2020-05-25 05:55:22.264 [HikariPool-1 connection adder] audit - 8. Connection.new Connection returned 
[INFO ] 2020-05-25 05:55:22.265 [HikariPool-1 connection adder] audit - 8. Connection.isReadOnly() returned false
[INFO ] 2020-05-25 05:55:22.267 [HikariPool-1 connection adder] audit - 8. Connection.getAutoCommit() returned true
[INFO ] 2020-05-25 05:55:22.283 [HikariPool-1 connection adder] connection - 9. Connection opened
[INFO ] 2020-05-25 05:55:22.283 [HikariPool-1 connection adder] audit - 9. Connection.new Connection returned 
[INFO ] 2020-05-25 05:55:22.284 [HikariPool-1 connection adder] audit - 9. Connection.isReadOnly() returned false
[INFO ] 2020-05-25 05:55:22.284 [HikariPool-1 connection adder] audit - 9. Connection.getAutoCommit() returned true
[INFO ] 2020-05-25 05:55:22.292 [HikariPool-1 connection adder] connection - 10. Connection opened
[INFO ] 2020-05-25 05:55:22.293 [HikariPool-1 connection adder] audit - 10. Connection.new Connection returned 
[INFO ] 2020-05-25 05:55:22.293 [HikariPool-1 connection adder] audit - 10. Connection.isReadOnly() returned false
[INFO ] 2020-05-25 05:55:22.294 [HikariPool-1 connection adder] audit - 10. Connection.getAutoCommit() returned true
[INFO ] 2020-05-25 05:56:53.080 [http-nio-8080-exec-8] CustomAuthenticationProvider - ### authenticate ### 
[INFO ] 2020-05-25 05:56:53.082 [http-nio-8080-exec-8] AccountService - ## loadUserByUsername ##
[INFO ] 2020-05-25 05:56:53.085 [http-nio-8080-exec-8] audit - 1. Connection.isValid(5) returned true
[INFO ] 2020-05-25 05:56:53.085 [http-nio-8080-exec-8] audit - 1. Connection.getAutoCommit() returned true
[DEBUG] 2020-05-25 05:56:53.085 [http-nio-8080-exec-8] readAccount - ==>  Preparing: SELECT * FROM USER_INFO WHERE ID= ? 
[INFO ] 2020-05-25 05:56:53.086 [http-nio-8080-exec-8] audit - 1. PreparedStatement.new PreparedStatement returned 
[INFO ] 2020-05-25 05:56:53.086 [http-nio-8080-exec-8] audit - 1. Connection.prepareStatement(SELECT * FROM USER_INFO
		WHERE ID= ?) returned net.sf.log4jdbc.sql.jdbcapi.PreparedStatementSpy@4b2d4e1
[INFO ] 2020-05-25 05:56:53.086 [http-nio-8080-exec-8] audit - 1. PreparedStatement.setString(1, "seller") returned 
[DEBUG] 2020-05-25 05:56:53.086 [http-nio-8080-exec-8] readAccount - ==> Parameters: seller(String)
[INFO ] 2020-05-25 05:56:53.087 [http-nio-8080-exec-8] sqlonly - SELECT * FROM USER_INFO
		WHERE ID= 'seller'

[INFO ] 2020-05-25 05:56:53.089 [http-nio-8080-exec-8] sqltiming - SELECT * FROM USER_INFO
		WHERE ID= 'seller'
 {executed in 1 msec}
[INFO ] 2020-05-25 05:56:53.090 [http-nio-8080-exec-8] audit - 1. PreparedStatement.execute() returned true
[INFO ] 2020-05-25 05:56:53.090 [http-nio-8080-exec-8] resultset - 1. ResultSet.new ResultSet returned 
[INFO ] 2020-05-25 05:56:53.090 [http-nio-8080-exec-8] audit - 1. PreparedStatement.getResultSet() returned net.sf.log4jdbc.sql.jdbcapi.ResultSetSpy@458fdeda
[INFO ] 2020-05-25 05:56:53.090 [http-nio-8080-exec-8] resultset - 1. ResultSet.getMetaData() returned com.mysql.cj.jdbc.result.ResultSetMetaData@66073e67 - Field level information: 
	com.mysql.cj.result.Field@7400fb9a[dbName=test,tableName=USER_INFO,originalTableName=user_info,columnName=id,originalColumnName=id,mysqlType=253(FIELD_TYPE_VARCHAR),sqlType=12,flags= BINARY, charsetIndex=83, charsetName=UTF-8]
	com.mysql.cj.result.Field@1e62458d[dbName=test,tableName=USER_INFO,originalTableName=user_info,columnName=password,originalColumnName=password,mysqlType=253(FIELD_TYPE_VARCHAR),sqlType=12,flags= BINARY, charsetIndex=83, charsetName=UTF-8]
	com.mysql.cj.result.Field@25a02195[dbName=test,tableName=USER_INFO,originalTableName=user_info,columnName=isAccountNonexpired,originalColumnName=isAccountNonexpired,mysqlType=3(FIELD_TYPE_INT),sqlType=4,flags=, charsetIndex=63, charsetName=ISO-8859-1]
	com.mysql.cj.result.Field@7a0bd740[dbName=test,tableName=USER_INFO,originalTableName=user_info,columnName=isAccountNonLocked,originalColumnName=isAccountNonLocked,mysqlType=3(FIELD_TYPE_INT),sqlType=4,flags=, charsetIndex=63, charsetName=ISO-8859-1]
	com.mysql.cj.result.Field@9a42fb0[dbName=test,tableName=USER_INFO,originalTableName=user_info,columnName=isCredentialsNonExpired,originalColumnName=isCredentialsNonExpired,mysqlType=3(FIELD_TYPE_INT),sqlType=4,flags=, charsetIndex=63, charsetName=ISO-8859-1]
	com.mysql.cj.result.Field@5664d24[dbName=test,tableName=USER_INFO,originalTableName=user_info,columnName=isEnabled,originalColumnName=isEnabled,mysqlType=3(FIELD_TYPE_INT),sqlType=4,flags=, charsetIndex=63, charsetName=ISO-8859-1]
[INFO ] 2020-05-25 05:56:53.091 [http-nio-8080-exec-8] resultset - 1. ResultSet.getType() returned 1003
[INFO ] 2020-05-25 05:56:53.092 [http-nio-8080-exec-8] resultset - 1. ResultSet.next() returned true
[INFO ] 2020-05-25 05:56:53.099 [http-nio-8080-exec-8] resultset - 1. ResultSet.getString(id) returned seller
[INFO ] 2020-05-25 05:56:53.100 [http-nio-8080-exec-8] resultset - 1. ResultSet.wasNull() returned false
[INFO ] 2020-05-25 05:56:53.100 [http-nio-8080-exec-8] resultset - 1. ResultSet.getString(password) returned {bcrypt}$2a$10$KmeQMmC62oTmxf6Lv56NDOVCGR5LNh5VkjMe98741HNQg14TBsNPO
[INFO ] 2020-05-25 05:56:53.100 [http-nio-8080-exec-8] resultset - 1. ResultSet.wasNull() returned false
[INFO ] 2020-05-25 05:56:53.100 [http-nio-8080-exec-8] resultset - 1. ResultSet.getBoolean(isAccountNonexpired) returned true
[INFO ] 2020-05-25 05:56:53.100 [http-nio-8080-exec-8] resultset - 1. ResultSet.wasNull() returned false
[INFO ] 2020-05-25 05:56:53.101 [http-nio-8080-exec-8] resultset - 1. ResultSet.getBoolean(isAccountNonLocked) returned true
[INFO ] 2020-05-25 05:56:53.101 [http-nio-8080-exec-8] resultset - 1. ResultSet.wasNull() returned false
[INFO ] 2020-05-25 05:56:53.102 [http-nio-8080-exec-8] resultset - 1. ResultSet.getBoolean(isCredentialsNonExpired) returned true
[INFO ] 2020-05-25 05:56:53.102 [http-nio-8080-exec-8] resultset - 1. ResultSet.wasNull() returned false
[INFO ] 2020-05-25 05:56:53.102 [http-nio-8080-exec-8] resultset - 1. ResultSet.getBoolean(isEnabled) returned true
[INFO ] 2020-05-25 05:56:53.103 [http-nio-8080-exec-8] resultset - 1. ResultSet.wasNull() returned false
[INFO ] 2020-05-25 05:56:53.104 [http-nio-8080-exec-8] resultsettable - 
|-------|---------------------------------------------------------------------|--------------------|-------------------|------------------------|----------|
|id     |password                                                             |isaccountnonexpired |isaccountnonlocked |iscredentialsnonexpired |isenabled |
|-------|---------------------------------------------------------------------|--------------------|-------------------|------------------------|----------|
|seller |{bcrypt}$2a$10$KmeQMmC62oTmxf6Lv56NDOVCGR5LNh5VkjMe98741HNQg14TBsNPO |true                |true               |true                    |true      |
|-------|---------------------------------------------------------------------|--------------------|-------------------|------------------------|----------|

[INFO ] 2020-05-25 05:56:53.105 [http-nio-8080-exec-8] resultset - 1. ResultSet.next() returned false
[DEBUG] 2020-05-25 05:56:53.106 [http-nio-8080-exec-8] readAccount - <==      Total: 1
[INFO ] 2020-05-25 05:56:53.106 [http-nio-8080-exec-8] resultset - 1. ResultSet.close() returned void
[INFO ] 2020-05-25 05:56:53.106 [http-nio-8080-exec-8] audit - 1. Connection.getMetaData() returned com.mysql.cj.jdbc.DatabaseMetaDataUsingInfoSchema@13df1984
[INFO ] 2020-05-25 05:56:53.106 [http-nio-8080-exec-8] audit - 1. PreparedStatement.getMoreResults() returned false
[INFO ] 2020-05-25 05:56:53.107 [http-nio-8080-exec-8] audit - 1. PreparedStatement.getUpdateCount() returned -1
[INFO ] 2020-05-25 05:56:53.107 [http-nio-8080-exec-8] audit - 1. PreparedStatement.close() returned 
[INFO ] 2020-05-25 05:56:53.107 [http-nio-8080-exec-8] audit - 1. Connection.clearWarnings() returned 
[INFO ] 2020-05-25 05:56:53.108 [http-nio-8080-exec-8] audit - 1. Connection.getAutoCommit() returned true
[DEBUG] 2020-05-25 05:56:53.108 [http-nio-8080-exec-8] readAuthorites - ==>  Preparing: SELECT AUTHORITY_NAME FROM AUTHORITY WHERE USERNAME=? 
[INFO ] 2020-05-25 05:56:53.108 [http-nio-8080-exec-8] audit - 1. PreparedStatement.new PreparedStatement returned 
[INFO ] 2020-05-25 05:56:53.109 [http-nio-8080-exec-8] audit - 1. Connection.prepareStatement(SELECT AUTHORITY_NAME
		FROM AUTHORITY WHERE USERNAME=?) returned net.sf.log4jdbc.sql.jdbcapi.PreparedStatementSpy@2c576198
[INFO ] 2020-05-25 05:56:53.109 [http-nio-8080-exec-8] audit - 1. PreparedStatement.setString(1, "seller") returned 
[DEBUG] 2020-05-25 05:56:53.110 [http-nio-8080-exec-8] readAuthorites - ==> Parameters: seller(String)
[INFO ] 2020-05-25 05:56:53.110 [http-nio-8080-exec-8] sqlonly - SELECT AUTHORITY_NAME
		FROM AUTHORITY WHERE USERNAME='seller'

[INFO ] 2020-05-25 05:56:53.112 [http-nio-8080-exec-8] sqltiming - SELECT AUTHORITY_NAME
		FROM AUTHORITY WHERE USERNAME='seller'
 {executed in 2 msec}
[INFO ] 2020-05-25 05:56:53.113 [http-nio-8080-exec-8] audit - 1. PreparedStatement.execute() returned true
[INFO ] 2020-05-25 05:56:53.113 [http-nio-8080-exec-8] resultset - 1. ResultSet.new ResultSet returned 
[INFO ] 2020-05-25 05:56:53.113 [http-nio-8080-exec-8] audit - 1. PreparedStatement.getResultSet() returned net.sf.log4jdbc.sql.jdbcapi.ResultSetSpy@5026128c
[INFO ] 2020-05-25 05:56:53.116 [http-nio-8080-exec-8] resultset - 1. ResultSet.getMetaData() returned com.mysql.cj.jdbc.result.ResultSetMetaData@2ced9e2f - Field level information: 
	com.mysql.cj.result.Field@3ba1718b[dbName=test,tableName=AUTHORITY,originalTableName=authority,columnName=AUTHORITY_NAME,originalColumnName=authority_name,mysqlType=253(FIELD_TYPE_VARCHAR),sqlType=12,flags= BINARY, charsetIndex=83, charsetName=UTF-8]
[INFO ] 2020-05-25 05:56:53.117 [http-nio-8080-exec-8] resultset - 1. ResultSet.getType() returned 1003
[INFO ] 2020-05-25 05:56:53.117 [http-nio-8080-exec-8] resultset - 1. ResultSet.next() returned true
[INFO ] 2020-05-25 05:56:53.118 [http-nio-8080-exec-8] resultset - 1. ResultSet.getString(AUTHORITY_NAME) returned ROLE_SELLER
[INFO ] 2020-05-25 05:56:53.118 [http-nio-8080-exec-8] resultset - 1. ResultSet.wasNull() returned false
[INFO ] 2020-05-25 05:56:53.119 [http-nio-8080-exec-8] resultsettable - 
|---------------|
|authority_name |
|---------------|
|ROLE_SELLER    |
|---------------|

[INFO ] 2020-05-25 05:56:53.120 [http-nio-8080-exec-8] resultset - 1. ResultSet.next() returned false
[DEBUG] 2020-05-25 05:56:53.120 [http-nio-8080-exec-8] readAuthorites - <==      Total: 1
[INFO ] 2020-05-25 05:56:53.120 [http-nio-8080-exec-8] resultset - 1. ResultSet.close() returned void
[INFO ] 2020-05-25 05:56:53.120 [http-nio-8080-exec-8] audit - 1. Connection.getMetaData() returned com.mysql.cj.jdbc.DatabaseMetaDataUsingInfoSchema@512a9037
[INFO ] 2020-05-25 05:56:53.121 [http-nio-8080-exec-8] audit - 1. PreparedStatement.getMoreResults() returned false
[INFO ] 2020-05-25 05:56:53.121 [http-nio-8080-exec-8] audit - 1. PreparedStatement.getUpdateCount() returned -1
[INFO ] 2020-05-25 05:56:53.121 [http-nio-8080-exec-8] audit - 1. PreparedStatement.close() returned 
[INFO ] 2020-05-25 05:56:53.121 [http-nio-8080-exec-8] audit - 1. Connection.clearWarnings() returned 
[INFO ] 2020-05-25 05:57:45.915 [SpringContextShutdownHook] ThreadPoolTaskExecutor - Shutting down ExecutorService 'applicationTaskExecutor'
[INFO ] 2020-05-25 05:57:45.918 [SpringContextShutdownHook] HikariDataSource - HikariPool-1 - Shutdown initiated...
[INFO ] 2020-05-25 05:57:45.925 [HikariPool-1 connection closer] connection - 1. Connection closed
[INFO ] 2020-05-25 05:57:45.925 [HikariPool-1 connection closer] audit - 1. Connection.close() returned 
[INFO ] 2020-05-25 05:57:45.926 [HikariPool-1 connection closer] connection - 2. Connection closed
[INFO ] 2020-05-25 05:57:45.926 [HikariPool-1 connection closer] audit - 2. Connection.close() returned 
[INFO ] 2020-05-25 05:57:45.928 [HikariPool-1 connection closer] connection - 3. Connection closed
[INFO ] 2020-05-25 05:57:45.929 [HikariPool-1 connection closer] audit - 3. Connection.close() returned 
[INFO ] 2020-05-25 05:57:45.931 [HikariPool-1 connection closer] connection - 4. Connection closed
[INFO ] 2020-05-25 05:57:45.931 [HikariPool-1 connection closer] audit - 4. Connection.close() returned 
[INFO ] 2020-05-25 05:57:45.934 [HikariPool-1 connection closer] connection - 5. Connection closed
[INFO ] 2020-05-25 05:57:45.937 [HikariPool-1 connection closer] audit - 5. Connection.close() returned 
[INFO ] 2020-05-25 05:57:45.939 [HikariPool-1 connection closer] connection - 6. Connection closed
[INFO ] 2020-05-25 05:57:45.939 [HikariPool-1 connection closer] audit - 6. Connection.close() returned 
[INFO ] 2020-05-25 05:57:45.941 [HikariPool-1 connection closer] connection - 7. Connection closed
[INFO ] 2020-05-25 05:57:45.941 [HikariPool-1 connection closer] audit - 7. Connection.close() returned 
[INFO ] 2020-05-25 05:57:45.943 [HikariPool-1 connection closer] connection - 8. Connection closed
[INFO ] 2020-05-25 05:57:45.944 [HikariPool-1 connection closer] audit - 8. Connection.close() returned 
[INFO ] 2020-05-25 05:57:45.945 [HikariPool-1 connection closer] connection - 9. Connection closed
[INFO ] 2020-05-25 05:57:45.945 [HikariPool-1 connection closer] audit - 9. Connection.close() returned 
[INFO ] 2020-05-25 05:57:45.946 [HikariPool-1 connection closer] connection - 10. Connection closed
[INFO ] 2020-05-25 05:57:45.946 [HikariPool-1 connection closer] audit - 10. Connection.close() returned 
[INFO ] 2020-05-25 05:57:45.947 [SpringContextShutdownHook] HikariDataSource - HikariPool-1 - Shutdown completed.
[INFO ] 2020-05-25 05:57:51.602 [restartedMain] SecurityApplication - Starting SecurityApplication on gimminjong-ui-MacBook-Pro.local with PID 3658 (/Users/mjk/IdeaProjects/security/build/classes/java/main started by mjk in /Users/mjk/IdeaProjects/security)
[DEBUG] 2020-05-25 05:57:51.610 [restartedMain] SecurityApplication - Running with Spring Boot v2.3.0.RELEASE, Spring v5.2.6.RELEASE
[INFO ] 2020-05-25 05:57:51.611 [restartedMain] SecurityApplication - No active profile set, falling back to default profiles: default
[INFO ] 2020-05-25 05:57:51.657 [restartedMain] DevToolsPropertyDefaultsPostProcessor - Devtools property defaults active! Set 'spring.devtools.add-properties' to 'false' to disable
[INFO ] 2020-05-25 05:57:51.658 [restartedMain] DevToolsPropertyDefaultsPostProcessor - For additional web related logging consider setting the 'logging.level.web' property to 'DEBUG'
[INFO ] 2020-05-25 05:57:53.392 [restartedMain] TomcatWebServer - Tomcat initialized with port(s): 8080 (http)
[INFO ] 2020-05-25 05:57:53.442 [restartedMain] Http11NioProtocol - Initializing ProtocolHandler ["http-nio-8080"]
[INFO ] 2020-05-25 05:57:53.445 [restartedMain] StandardService - Starting service [Tomcat]
[INFO ] 2020-05-25 05:57:53.447 [restartedMain] StandardEngine - Starting Servlet engine: [Apache Tomcat/9.0.35]
[INFO ] 2020-05-25 05:57:53.873 [restartedMain] TldScanner - At least one JAR was scanned for TLDs yet contained no TLDs. Enable debug logging for this logger for a complete list of JARs that were scanned but no TLDs were found in them. Skipping unneeded JARs during scanning can improve startup time and JSP compilation time.
[INFO ] 2020-05-25 05:57:53.878 [restartedMain] [/] - Initializing Spring embedded WebApplicationContext
[INFO ] 2020-05-25 05:57:53.878 [restartedMain] ContextLoader - Root WebApplicationContext: initialization completed in 2220 ms
[INFO ] 2020-05-25 05:57:54.488 [restartedMain] ThreadPoolTaskExecutor - Initializing ExecutorService 'applicationTaskExecutor'
[INFO ] 2020-05-25 05:57:54.801 [restartedMain] DefaultSecurityFilterChain - Creating filter chain: any request, [org.springframework.security.web.context.request.async.WebAsyncManagerIntegrationFilter@2bf979fb, org.springframework.security.web.context.SecurityContextPersistenceFilter@faf4749, org.springframework.security.web.header.HeaderWriterFilter@72c4aecc, org.springframework.security.web.csrf.CsrfFilter@5aae73e7, org.springframework.security.web.authentication.logout.LogoutFilter@4d8d2f64, org.springframework.security.web.authentication.UsernamePasswordAuthenticationFilter@42995556, org.springframework.security.web.savedrequest.RequestCacheAwareFilter@55a3cac, org.springframework.security.web.servletapi.SecurityContextHolderAwareRequestFilter@3d1dab1c, org.springframework.security.web.authentication.AnonymousAuthenticationFilter@76dda726, org.springframework.security.web.session.SessionManagementFilter@2f01a57a, org.springframework.security.web.access.ExceptionTranslationFilter@1593b578, org.springframework.security.web.access.intercept.FilterSecurityInterceptor@a86d89c]
[INFO ] 2020-05-25 05:57:54.843 [restartedMain] OptionalLiveReloadServer - LiveReload server is running on port 35729
[INFO ] 2020-05-25 05:57:54.869 [restartedMain] Http11NioProtocol - Starting ProtocolHandler ["http-nio-8080"]
[INFO ] 2020-05-25 05:57:54.940 [restartedMain] TomcatWebServer - Tomcat started on port(s): 8080 (http) with context path ''
[INFO ] 2020-05-25 05:57:54.975 [restartedMain] SecurityApplication - Started SecurityApplication in 3.723 seconds (JVM running for 5.529)
